<?xml version="1.0" encoding="UTF-8"?>
<testsuite name="CategoryTest" tests="4" skipped="0" failures="0" errors="0" timestamp="2016-02-23T00:24:41" hostname="epicodus-67.local" time="0.11">
  <properties/>
  <testcase name="equals_returnsTrueIfNamesAretheSame" classname="CategoryTest" time="0.019"/>
  <testcase name="all_emptyAtFirst" classname="CategoryTest" time="0.046"/>
  <testcase name="find_findCategoryInDatabase_true" classname="CategoryTest" time="0.026"/>
  <testcase name="save_savesIntoDatabase_true" classname="CategoryTest" time="0.019"/>
  <system-out><![CDATA[]]></system-out>
  <system-err><![CDATA[]]></system-err>
</testsuite>
