<?xml version="1.0" encoding="UTF-8"?>
<testsuite name="AppTest" tests="2" skipped="0" failures="1" errors="0" timestamp="2016-02-23T00:24:41" hostname="epicodus-67.local" time="0.448">
  <properties/>
  <testcase name="rootTest" classname="AppTest" time="0.354"/>
  <testcase name="categoryIsCreatedTest" classname="AppTest" time="0.088">
    <failure message="java.lang.AssertionError: &#10;Expecting:&#10; &lt;&quot;&lt;?xml version=&quot;1.0&quot; encoding=&quot;UTF-8&quot;?&gt;&#13;&#10;&lt;html&gt;&#13;&#10;  &lt;head&gt;&#13;&#10;    &lt;title&gt;&#13;&#10;    &lt;/title&gt;&#13;&#10;    &lt;link rel=&quot;stylesheet&quot; href=&quot;https://maxcdn.bootstrapcdn.com/bootstrap/3.2.0/css/bootstrap.min.css&quot;/&gt;&#13;&#10;  &lt;/head&gt;&#13;&#10;  &lt;body&gt;&#13;&#10;    &lt;div class=&quot;container&quot;&gt;&#13;&#10;      &lt;h1&gt;&#13;&#10;        To Do List&#13;&#10;      &lt;/h1&gt;&#13;&#10;      &lt;p&gt;&#13;&#10;        Create a new category:&#13;&#10;      &lt;/p&gt;&#13;&#10;      &lt;form action=&quot;/categories&quot; method=&quot;post&quot;&gt;&#13;&#10;        &lt;label for=&quot;name&quot;&gt;&#13;&#10;          Category name&#13;&#10;        &lt;/label&gt;&#13;&#10;        &lt;input id=&quot;name&quot; name=&quot;name&quot; type=&quot;text&quot;/&gt;&#13;&#10;        &lt;button id=&quot;categoryBtn&quot; type=&quot;submit&quot; class=&quot;btn btn-success&quot;&gt;&#13;&#10;          Add Category&#13;&#10;        &lt;/button&gt;&#13;&#10;      &lt;/form&gt;&#13;&#10;      &lt;p&gt;&#13;&#10;         Add tasks to any category:&#13;&#10;      &lt;/p&gt;&#13;&#10;      &lt;form action=&quot;/tasks&quot; method=&quot;post&quot;&gt;&#13;&#10;        &lt;label for=&quot;categoryId&quot;&gt;&#13;&#10;          Select a List&#13;&#10;        &lt;/label&gt;&#13;&#10;        &lt;select id=&quot;categoryId&quot; name=&quot;categoryId&quot; type=&quot;text&quot;/&gt;&#13;&#10;        &lt;div class=&quot;form-group&quot;&gt;&#13;&#10;          &lt;label for=&quot;description&quot;&gt;&#13;&#10;            Task Description&#13;&#10;          &lt;/label&gt;&#13;&#10;          &lt;input id=&quot;description&quot; name=&quot;description&quot; type=&quot;text&quot; class=&quot;form-control&quot;/&gt;&#13;&#10;          &lt;label for=&quot;dueDate&quot;&gt;&#13;&#10;            Due Date (ex. 'June 3rd')&#13;&#10;          &lt;/label&gt;&#13;&#10;          &lt;input id=&quot;dueDate&quot; name=&quot;dueDate&quot; type=&quot;text&quot; class=&quot;form-control&quot;/&gt;&#13;&#10;        &lt;/div&gt;&#13;&#10;        &lt;button id=&quot;taskBtn&quot; type=&quot;submit&quot; class=&quot;btn btn-success&quot;&gt;&#13;&#10;          Add Task&#13;&#10;        &lt;/button&gt;&#13;&#10;      &lt;/form&gt;&#13;&#10;      &lt;p&gt;&#13;&#10;        Click on a category to see its tasks:&#13;&#10;      &lt;/p&gt;&#13;&#10;      &lt;ul&gt;&#13;&#10;      &lt;/ul&gt;&#13;&#10;    &lt;/div&gt;&#13;&#10;  &lt;/body&gt;&#13;&#10;&lt;/html&gt;&#13;&#10;&quot;&gt;&#10;to contain:&#10; &lt;&quot;Household chores&quot;&gt; " type="java.lang.AssertionError">java.lang.AssertionError: 
Expecting:
 &lt;&quot;&lt;?xml version=&quot;1.0&quot; encoding=&quot;UTF-8&quot;?&gt;
&lt;html&gt;
  &lt;head&gt;
    &lt;title&gt;
    &lt;/title&gt;
    &lt;link rel=&quot;stylesheet&quot; href=&quot;https://maxcdn.bootstrapcdn.com/bootstrap/3.2.0/css/bootstrap.min.css&quot;/&gt;
  &lt;/head&gt;
  &lt;body&gt;
    &lt;div class=&quot;container&quot;&gt;
      &lt;h1&gt;
        To Do List
      &lt;/h1&gt;
      &lt;p&gt;
        Create a new category:
      &lt;/p&gt;
      &lt;form action=&quot;/categories&quot; method=&quot;post&quot;&gt;
        &lt;label for=&quot;name&quot;&gt;
          Category name
        &lt;/label&gt;
        &lt;input id=&quot;name&quot; name=&quot;name&quot; type=&quot;text&quot;/&gt;
        &lt;button id=&quot;categoryBtn&quot; type=&quot;submit&quot; class=&quot;btn btn-success&quot;&gt;
          Add Category
        &lt;/button&gt;
      &lt;/form&gt;
      &lt;p&gt;
         Add tasks to any category:
      &lt;/p&gt;
      &lt;form action=&quot;/tasks&quot; method=&quot;post&quot;&gt;
        &lt;label for=&quot;categoryId&quot;&gt;
          Select a List
        &lt;/label&gt;
        &lt;select id=&quot;categoryId&quot; name=&quot;categoryId&quot; type=&quot;text&quot;/&gt;
        &lt;div class=&quot;form-group&quot;&gt;
          &lt;label for=&quot;description&quot;&gt;
            Task Description
          &lt;/label&gt;
          &lt;input id=&quot;description&quot; name=&quot;description&quot; type=&quot;text&quot; class=&quot;form-control&quot;/&gt;
          &lt;label for=&quot;dueDate&quot;&gt;
            Due Date (ex. 'June 3rd')
          &lt;/label&gt;
          &lt;input id=&quot;dueDate&quot; name=&quot;dueDate&quot; type=&quot;text&quot; class=&quot;form-control&quot;/&gt;
        &lt;/div&gt;
        &lt;button id=&quot;taskBtn&quot; type=&quot;submit&quot; class=&quot;btn btn-success&quot;&gt;
          Add Task
        &lt;/button&gt;
      &lt;/form&gt;
      &lt;p&gt;
        Click on a category to see its tasks:
      &lt;/p&gt;
      &lt;ul&gt;
      &lt;/ul&gt;
    &lt;/div&gt;
  &lt;/body&gt;
&lt;/html&gt;
&quot;&gt;
to contain:
 &lt;&quot;Household chores&quot;&gt; 
	at AppTest.categoryIsCreatedTest(AppTest.java:36)
	at sun.reflect.NativeMethodAccessorImpl.invoke0(Native Method)
	at sun.reflect.NativeMethodAccessorImpl.invoke(NativeMethodAccessorImpl.java:62)
	at sun.reflect.DelegatingMethodAccessorImpl.invoke(DelegatingMethodAccessorImpl.java:43)
	at java.lang.reflect.Method.invoke(Method.java:497)
	at org.junit.runners.model.FrameworkMethod$1.runReflectiveCall(FrameworkMethod.java:50)
	at org.junit.internal.runners.model.ReflectiveCallable.run(ReflectiveCallable.java:12)
	at org.junit.runners.model.FrameworkMethod.invokeExplosively(FrameworkMethod.java:47)
	at org.junit.internal.runners.statements.InvokeMethod.evaluate(InvokeMethod.java:17)
	at org.junit.rules.ExternalResource$1.evaluate(ExternalResource.java:48)
	at org.junit.rules.TestWatcher$1.evaluate(TestWatcher.java:55)
	at org.junit.rules.TestWatcher$1.evaluate(TestWatcher.java:55)
	at org.junit.rules.RunRules.evaluate(RunRules.java:20)
	at org.junit.runners.ParentRunner.runLeaf(ParentRunner.java:325)
	at org.junit.runners.BlockJUnit4ClassRunner.runChild(BlockJUnit4ClassRunner.java:78)
	at org.junit.runners.BlockJUnit4ClassRunner.runChild(BlockJUnit4ClassRunner.java:57)
	at org.junit.runners.ParentRunner$3.run(ParentRunner.java:290)
	at org.junit.runners.ParentRunner$1.schedule(ParentRunner.java:71)
	at org.junit.runners.ParentRunner.runChildren(ParentRunner.java:288)
	at org.junit.runners.ParentRunner.access$000(ParentRunner.java:58)
	at org.junit.runners.ParentRunner$2.evaluate(ParentRunner.java:268)
	at org.junit.internal.runners.statements.RunAfters.evaluate(RunAfters.java:27)
	at org.junit.rules.ExternalResource$1.evaluate(ExternalResource.java:48)
	at org.junit.rules.RunRules.evaluate(RunRules.java:20)
	at org.junit.runners.ParentRunner.run(ParentRunner.java:363)
	at org.gradle.api.internal.tasks.testing.junit.JUnitTestClassExecuter.runTestClass(JUnitTestClassExecuter.java:105)
	at org.gradle.api.internal.tasks.testing.junit.JUnitTestClassExecuter.execute(JUnitTestClassExecuter.java:56)
	at org.gradle.api.internal.tasks.testing.junit.JUnitTestClassProcessor.processTestClass(JUnitTestClassProcessor.java:64)
	at org.gradle.api.internal.tasks.testing.SuiteTestClassProcessor.processTestClass(SuiteTestClassProcessor.java:50)
	at sun.reflect.NativeMethodAccessorImpl.invoke0(Native Method)
	at sun.reflect.NativeMethodAccessorImpl.invoke(NativeMethodAccessorImpl.java:62)
	at sun.reflect.DelegatingMethodAccessorImpl.invoke(DelegatingMethodAccessorImpl.java:43)
	at java.lang.reflect.Method.invoke(Method.java:497)
	at org.gradle.messaging.dispatch.ReflectionDispatch.dispatch(ReflectionDispatch.java:35)
	at org.gradle.messaging.dispatch.ReflectionDispatch.dispatch(ReflectionDispatch.java:24)
	at org.gradle.messaging.dispatch.ContextClassLoaderDispatch.dispatch(ContextClassLoaderDispatch.java:32)
	at org.gradle.messaging.dispatch.ProxyDispatchAdapter$DispatchingInvocationHandler.invoke(ProxyDispatchAdapter.java:93)
	at com.sun.proxy.$Proxy2.processTestClass(Unknown Source)
	at org.gradle.api.internal.tasks.testing.worker.TestWorker.processTestClass(TestWorker.java:106)
	at sun.reflect.NativeMethodAccessorImpl.invoke0(Native Method)
	at sun.reflect.NativeMethodAccessorImpl.invoke(NativeMethodAccessorImpl.java:62)
	at sun.reflect.DelegatingMethodAccessorImpl.invoke(DelegatingMethodAccessorImpl.java:43)
	at java.lang.reflect.Method.invoke(Method.java:497)
	at org.gradle.messaging.dispatch.ReflectionDispatch.dispatch(ReflectionDispatch.java:35)
	at org.gradle.messaging.dispatch.ReflectionDispatch.dispatch(ReflectionDispatch.java:24)
	at org.gradle.messaging.remote.internal.hub.MessageHub$Handler.run(MessageHub.java:360)
	at org.gradle.internal.concurrent.ExecutorPolicy$CatchAndRecordFailures.onExecute(ExecutorPolicy.java:54)
	at org.gradle.internal.concurrent.StoppableExecutorImpl$1.run(StoppableExecutorImpl.java:40)
	at java.util.concurrent.ThreadPoolExecutor.runWorker(ThreadPoolExecutor.java:1142)
	at java.util.concurrent.ThreadPoolExecutor$Worker.run(ThreadPoolExecutor.java:617)
	at java.lang.Thread.run(Thread.java:745)
</failure>
  </testcase>
  <system-out><![CDATA[]]></system-out>
  <system-err><![CDATA[[Thread-4] INFO spark.webserver.SparkServer - == Spark has ignited ...
[Thread-4] INFO spark.webserver.SparkServer - >> Listening on 0.0.0.0:4567
[Thread-4] INFO org.eclipse.jetty.server.Server - jetty-9.0.2.v20130417
[Thread-4] INFO org.eclipse.jetty.server.ServerConnector - Started ServerConnector@450fe654{HTTP/1.1}{0.0.0.0:4567}
[Test worker] INFO spark.webserver.SparkServer - >>> Spark shutting down ...
[Test worker] INFO org.eclipse.jetty.server.Server - Graceful shutdown org.eclipse.jetty.server.Server@5781860e by 
[Test worker] INFO org.eclipse.jetty.server.ServerConnector - Stopped ServerConnector@450fe654{HTTP/1.1}{0.0.0.0:4567}
[Test worker] INFO spark.webserver.SparkServer - done
]]></system-err>
</testsuite>
